Equipo numero 1
 	
	el 1 archivo las siguientes : 
 	  para la primera descriptacion la llave es 1255 y la para el segundo la llave es  62
	el 2 archivo las siguientes : 
 	  para la primera descriptacion la llave es 3103 y la para el segundo la llave es  SPTI
	el 3 archivo las siguientes : 
 	  para la primera descriptacion la llave es 3103 y la para el segundo la llave es  35
Equipo numero 2
 	
	 el 1 archivo las siguientes : 
 	  para la primera descriptacion la llave es 4687 y la para el segundo la llave es  13
	 el 2 archivo las siguientes : 
 	  para la primera descriptacion la llave es 4819 y la para el segundo la llave es  2839
	 el 3 archivo las siguientes : 
 	  para la primera descriptacion la llave es 331 y la para el segundo la llave es  10
Equipo numero 3
 	
	 el 1 archivo las siguientes : 
 	  para la primera descriptacion la llave es 2707 y la para el segundo la llave es  4423
	 el 2 archivo las siguientes : 
 	  para la primera descriptacion la llave es 331 y la para el segundo la llave es  26
	 el 3 archivo las siguientes : 
 	  para la primera descriptacion la llave es 463 y la para el segundo la llave es  SPTI
Equipo numero 4
 	
	 el 1 archivo las siguientes : 
 	  para la primera descriptacion la llave es 2047 y la para el segundo la llave es  41
	 el 2 archivo las siguientes : 
 	  para la primera descriptacion la llave es 4027 y la para el segundo la llave es  10
	 el 3 archivo las siguientes : 
 	  para la primera descriptacion la llave es 3103 y la para el segundo la llave es  SPTI
Equipo numero 5
 	
	 el 1 archivo las siguientes : 
 	  para la primera descriptacion la llave es 859 y la para el segundo la llave es  27
	 el 2 archivo las siguientes : 
 	  para la primera descriptacion la llave es 1651 y la para el segundo la llave es  20
	 el 3 archivo las siguientes : 
 	  para la primera descriptacion la llave es 1123 y la para el segundo la llave es  11
Equipo numero 6
 	
	 el 1 archivo las siguientes : 
 	  para la primera descriptacion la llave es 859 y la para el segundo la llave es  64
	 el 2 archivo las siguientes : 
 	  para la primera descriptacion la llave es 1123 y la para el segundo la llave es  SPTI
	 el 3 archivo las siguientes : 
 	  para la primera descriptacion la llave es 331 y la para el segundo la llave es  62
Equipo numero 7
 	
	 el 1 archivo las siguientes : 
 	  para la primera descriptacion la llave es 1519 y la para el segundo la llave es  3235
	 el 2 archivo las siguientes : 
 	  para la primera descriptacion la llave es 1123 y la para el segundo la llave es  1
	 el 3 archivo las siguientes : 
 	  para la primera descriptacion la llave es 4687 y la para el segundo la llave es  5
Equipo numero 8
 	
	 el 1 archivo las siguientes : 
 	  para la primera descriptacion la llave es 3235 y la para el segundo la llave es  6
	 el 2 archivo las siguientes : 
 	  para la primera descriptacion la llave es 2443 y la para el segundo la llave es  26
	 el 3 archivo las siguientes : 
 	  para la primera descriptacion la llave es 1519 y la para el segundo la llave es  2311
Equipo numero 9
 	
	 el 1 archivo las siguientes : 
 	  para la primera descriptacion la llave es 331 y la para el segundo la llave es  1123
	 el 2 archivo las siguientes : 
 	  para la primera descriptacion la llave es 3235 y la para el segundo la llave es  37
	 el 3 archivo las siguientes : 
 	  para la primera descriptacion la llave es 2707 y la para el segundo la llave es  9
Equipo numero 10
 	
	 el 1 archivo las siguientes : 
 	  para la primera descriptacion la llave es 1123 y la para el segundo la llave es  SPTI
	 el 2 archivo las siguientes : 
 	  para la primera descriptacion la llave es 2707 y la para el segundo la llave es  SPTI
	 el 3 archivo las siguientes : 
 	  para la primera descriptacion la llave es 4291 y la para el segundo la llave es  1
>>> 